CST:2016_10_12_20_08_42 UTILITY=centhud DESC=Recipe start
CST:2016_10_12_20_08_43 UTILITY=centhud DESC=Recipe end
CST:2016_10_12_20_08_43 UTILITY=centhud DESC=Unique premises: 4
CST:2016_10_12_20_08_43 UTILITY=centhud DESC=Move *.csv *.txt to ./results/
CST:2016_10_12_20_08_43 UTILITY=centhud DESC=Complete

CST:2016_10_13_15_06_43 UTILITY=centhud DESC=Recipe start
CST:2016_10_13_15_06_46 UTILITY=centhud DESC=Recipe end
CST:2016_10_13_15_06_46 UTILITY=centhud DESC=Unique premises: 4
CST:2016_10_13_15_06_46 UTILITY=centhud DESC=Move *.csv *.txt to ./results/
CST:2016_10_13_15_06_46 UTILITY=centhud DESC=Complete

CST:2016_10_13_15_16_23 UTILITY=centhud DESC=Recipe start
CST:2016_10_13_15_16_24 UTILITY=centhud DESC=Recipe end
CST:2016_10_13_15_16_24 UTILITY=centhud DESC=Unique premises: 4
CST:2016_10_13_15_16_24 UTILITY=centhud DESC=Recipe start
CST:2016_10_13_15_16_25 UTILITY=centhud DESC=Recipe end
CST:2016_10_13_15_16_25 UTILITY=centhud DESC=Unique premises: 3
CST:2016_10_13_15_16_25 UTILITY=centhud DESC=Move *.csv *.txt to ./results/
CST:2016_10_13_15_16_25 UTILITY=centhud DESC=Complete

CST:2016_10_13_15_22_48 UTILITY=centhud DESC=Recipe start
CST:2016_10_13_15_22_49 UTILITY=centhud DESC=Recipe end
CST:2016_10_13_15_22_49 UTILITY=centhud DESC=Unique premises: 1
CST:2016_10_13_15_22_49 UTILITY=centhud DESC=Recipe start
CST:2016_10_13_15_22_50 UTILITY=centhud DESC=Recipe end
CST:2016_10_13_15_22_50 UTILITY=centhud DESC=Unique premises: 1
CST:2016_10_13_15_22_50 UTILITY=centhud DESC=Move *.csv *.txt to ./results/
CST:2016_10_13_15_22_50 UTILITY=centhud DESC=Complete

CST:2016_10_13_15_57_45 UTILITY=centhud DESC=Recipe start
CST:2016_10_13_16_02_12 UTILITY=centhud DESC=Recipe start
CST:2016_10_13_16_02_14 UTILITY=centhud DESC=Recipe end
CST:2016_10_13_16_02_14 UTILITY=centhud DESC=Unique premises: 1
CST:2016_10_13_16_02_14 UTILITY=centhud DESC=Move *.csv *.txt to ./results/
CST:2016_10_13_16_02_14 UTILITY=centhud DESC=Complete

CST:2016_10_13_17_45_58 UTILITY=centhud DESC=Recipe start
CST:2016_10_13_17_45_59 UTILITY=centhud DESC=Recipe end
CST:2016_10_13_17_45_59 UTILITY=centhud DESC=Unique premises: 1
CST:2016_10_13_17_45_59 UTILITY=centhud DESC=Recipe start
CST:2016_10_13_17_46_01 UTILITY=centhud DESC=Recipe end
CST:2016_10_13_17_46_01 UTILITY=centhud DESC=Unique premises: 1
CST:2016_10_13_17_46_01 UTILITY=centhud DESC=Move *.csv *.txt to ./results/
CST:2016_10_13_17_46_01 UTILITY=centhud DESC=Complete

CST:2016_10_14_13_38_14 UTILITY=centhud DESC=Recipe start
CST:2016_10_14_13_38_15 UTILITY=centhud DESC=Recipe end
CST:2016_10_14_13_38_15 UTILITY=centhud DESC=Unique premises: 1
CST:2016_10_14_13_38_15 UTILITY=centhud DESC=Recipe start
CST:2016_10_14_13_38_16 UTILITY=centhud DESC=Recipe end
CST:2016_10_14_13_38_16 UTILITY=centhud DESC=Unique premises: 2
CST:2016_10_14_13_38_16 UTILITY=centhud DESC=Move *.csv *.txt to ./results/
CST:2016_10_14_13_38_16 UTILITY=centhud DESC=Complete

