CST:2016_09_29_13_02_44 UTILITY=ppl DESC=Start
CST:2016_09_29_13_02_44 UTILITY=ppl DESC=Recipe start
CST:2016_09_29_13_03_25 UTILITY=ppl DESC=Recipe end
CST:2016_09_29_13_03_25 UTILITY=ppl DESC=Unique premises: 12
CST:2016_09_29_13_03_25 UTILITY=ppl DESC=Prediction start
CST:2016_09_29_13_03_30 UTILITY=ppl DESC=Prediction end
CST:2016_09_29_13_03_30 UTILITY=ppl DESC=Move *.csv *.txt to ./results
CST:2016_09_29_13_03_30 UTILITY=ppl DESC=END

CST:2016_09_29_13_09_27 UTILITY=ppl DESC=Start
CST:2016_09_29_13_09_27 UTILITY=ppl DESC=Prediction start
CST:2016_09_29_13_09_31 UTILITY=ppl DESC=Prediction end
CST:2016_09_29_13_09_31 UTILITY=ppl DESC=Move *.csv *.txt to ./results
CST:2016_09_29_13_09_31 UTILITY=ppl DESC=END

CST:2016_09_29_13_15_25 UTILITY=ppl DESC=Start
CST:2016_09_29_13_15_25 UTILITY=ppl DESC=Recipe start
CST:2016_09_29_13_16_01 UTILITY=ppl DESC=Recipe end
CST:2016_09_29_13_16_01 UTILITY=ppl DESC=Unique premises: 2
CST:2016_09_29_13_16_01 UTILITY=ppl DESC=Prediction start
CST:2016_09_29_13_16_04 UTILITY=ppl DESC=Prediction end
CST:2016_09_29_13_16_04 UTILITY=ppl DESC=Move *.csv *.txt to ./results
CST:2016_09_29_13_16_04 UTILITY=ppl DESC=END

CST:2016_09_29_13_18_25 UTILITY=ppl DESC=Start
CST:2016_09_29_13_18_25 UTILITY=ppl DESC=Recipe start
CST:2016_09_29_13_19_24 UTILITY=ppl DESC=Recipe end
CST:2016_09_29_13_19_24 UTILITY=ppl DESC=Unique premises: 2
CST:2016_09_29_13_19_24 UTILITY=ppl DESC=Prediction start
CST:2016_09_29_13_19_27 UTILITY=ppl DESC=Prediction end
CST:2016_09_29_13_19_27 UTILITY=ppl DESC=Move *.csv *.txt to ./results
CST:2016_09_29_13_19_27 UTILITY=ppl DESC=END

CST:2016_09_29_14_07_17 UTILITY=ppl DESC=Start
CST:2016_09_29_14_07_17 UTILITY=ppl DESC=Recipe start
CST:2016_09_29_14_07_25 UTILITY=ppl DESC=Start
CST:2016_09_29_14_07_25 UTILITY=ppl DESC=Move *.csv *.txt to ./results
CST:2016_09_29_14_07_25 UTILITY=ppl DESC=END

CST:2016_09_29_14_17_46 UTILITY=ppl DESC=Start
CST:2016_09_29_14_17_46 UTILITY=ppl DESC=Recipe start
CST:2016_09_29_14_18_22 UTILITY=ppl DESC=Recipe end
CST:2016_09_29_14_18_22 UTILITY=ppl DESC=Unique premises: 3214
CST:2016_09_29_14_21_37 UTILITY=ppl DESC=Start
CST:2016_09_29_14_21_37 UTILITY=ppl DESC=Prediction start
CST:2016_09_29_14_21_37 UTILITY=ppl DESC=Splitting premises
CST:2016_09_29_14_21_42 UTILITY=ppl DESC=Prediction end
CST:2016_09_29_14_21_42 UTILITY=ppl DESC=Move *.csv *.txt to ./results/
CST:2016_09_29_14_21_42 UTILITY=ppl DESC=END

CST:2016_09_29_14_28_19 UTILITY=ppl DESC=Start
CST:2016_09_29_14_28_19 UTILITY=ppl DESC=Recipe start
CST:2016_09_29_14_28_50 UTILITY=ppl DESC=Recipe end
CST:2016_09_29_14_28_50 UTILITY=ppl DESC=Unique premises: 3214
CST:2016_09_29_14_28_50 UTILITY=ppl DESC=Prediction start
CST:2016_09_29_14_28_50 UTILITY=ppl DESC=Splitting premises
CST:2016_09_29_14_41_18 UTILITY=ppl DESC=Start
CST:2016_09_29_14_41_18 UTILITY=ppl DESC=Prediction start
CST:2016_09_29_14_41_18 UTILITY=ppl DESC=Splitting premises
CST:2016_09_29_14_41_18 UTILITY=ppl DESC=Prediction end
CST:2016_09_29_14_41_18 UTILITY=ppl DESC=Move *.csv *.txt to ./results/
CST:2016_09_29_14_41_18 UTILITY=ppl DESC=END

CST:2016_09_29_14_43_39 UTILITY=ppl DESC=Start
CST:2016_09_29_14_43_39 UTILITY=ppl DESC=Recipe start
CST:2016_09_29_14_46_44 UTILITY=ppl DESC=Start
CST:2016_09_29_14_46_44 UTILITY=ppl DESC=Move *.csv *.txt to ./results/
CST:2016_09_29_14_46_44 UTILITY=ppl DESC=END

CST:2016_09_29_14_51_17 UTILITY=ppl DESC=Start
CST:2016_09_29_14_51_17 UTILITY=ppl DESC=Recipe start
CST:2016_09_29_14_57_20 UTILITY=ppl DESC=Recipe end
CST:2016_09_29_14_57_20 UTILITY=ppl DESC=Unique premises: 3214
CST:2016_09_29_14_57_20 UTILITY=ppl DESC=Prediction start
CST:2016_09_29_14_57_20 UTILITY=ppl DESC=Splitting premises
CST:2016_09_29_15_08_20 UTILITY=ppl DESC=Prediction end
CST:2016_09_29_15_08_20 UTILITY=ppl DESC=Move *.csv *.txt to ./results/
CST:2016_09_29_15_08_20 UTILITY=ppl DESC=END

CST:2016_09_29_15_09_12 UTILITY=ppl DESC=Recipe start
CST:2016_09_29_15_20_45 UTILITY=ppl DESC=Recipe start
CST:2016_09_29_15_30_12 UTILITY=ppl DESC=Recipe end
CST:2016_09_29_15_30_12 UTILITY=ppl DESC=Unique premises: 3214
CST:2016_09_29_15_30_12 UTILITY=ppl DESC=Prediction start
CST:2016_09_29_15_30_12 UTILITY=ppl DESC=Splitting premises
CST:2016_09_29_15_41_47 UTILITY=ppl DESC=Prediction end
CST:2016_09_29_15_41_47 UTILITY=ppl DESC=Move *.csv *.txt to ./results/
CST:2016_09_29_15_41_47 UTILITY=ppl DESC=Complete

CST:2016_09_29_15_42_45 UTILITY=ppl DESC=Recipe start
CST:2016_09_29_15_44_22 UTILITY=ppl DESC=Recipe end
CST:2016_09_29_15_44_22 UTILITY=ppl DESC=Unique premises: 3212
CST:2016_09_29_15_44_22 UTILITY=ppl DESC=Prediction start
CST:2016_09_29_15_44_22 UTILITY=ppl DESC=Splitting premises
CST:2016_09_29_15_49_25 UTILITY=ppl DESC=Prediction end
CST:2016_09_29_15_49_25 UTILITY=ppl DESC=Move *.csv *.txt to ./results/
CST:2016_09_29_15_49_25 UTILITY=ppl DESC=Complete

CST:2016_09_29_18_00_10 UTILITY=ppl DESC=Recipe start
CST:2016_09_29_18_00_48 UTILITY=ppl DESC=Recipe end
CST:2016_09_29_18_00_48 UTILITY=ppl DESC=Unique premises: 3212
CST:2016_09_29_18_00_48 UTILITY=ppl DESC=Prediction start
CST:2016_09_29_18_00_48 UTILITY=ppl DESC=Splitting premises
CST:2016_09_29_18_05_56 UTILITY=ppl DESC=Prediction end
CST:2016_09_29_18_05_56 UTILITY=ppl DESC=Move *.csv *.txt to ./results/
CST:2016_09_29_18_05_56 UTILITY=ppl DESC=Complete

CST:2016_09_29_20_39_09 UTILITY=ppl DESC=Recipe start
CST:2016_09_29_20_39_42 UTILITY=ppl DESC=Recipe end
CST:2016_09_29_20_39_42 UTILITY=ppl DESC=Unique premises: 3212
CST:2016_09_29_20_39_42 UTILITY=ppl DESC=Prediction start
CST:2016_09_29_20_39_42 UTILITY=ppl DESC=Splitting premises
CST:2016_09_29_20_44_51 UTILITY=ppl DESC=Prediction end
CST:2016_09_29_20_44_51 UTILITY=ppl DESC=Move *.csv *.txt to ./results/
CST:2016_09_29_20_44_51 UTILITY=ppl DESC=Complete

CST:2016_09_30_00_04_02 UTILITY=ppl DESC=Recipe start
CST:2016_09_30_00_07_18 UTILITY=ppl DESC=Recipe end
CST:2016_09_30_00_07_18 UTILITY=ppl DESC=Unique premises: 3212
CST:2016_09_30_00_07_18 UTILITY=ppl DESC=Prediction start
CST:2016_09_30_00_07_18 UTILITY=ppl DESC=Splitting premises
CST:2016_09_30_00_12_27 UTILITY=ppl DESC=Prediction end
CST:2016_09_30_00_12_27 UTILITY=ppl DESC=Move *.csv *.txt to ./results/
CST:2016_09_30_00_12_27 UTILITY=ppl DESC=Complete

CST:2016_10_13_15_57_25 UTILITY=ppl DESC=Recipe start
CST:2016_10_13_15_59_41 UTILITY=ppl DESC=Recipe end
CST:2016_10_13_15_59_41 UTILITY=ppl DESC=Unique premises: 2
CST:2016_10_13_15_59_41 UTILITY=ppl DESC=Prediction start
CST:2016_10_13_15_59_41 UTILITY=ppl DESC=Splitting premises
CST:2016_10_13_15_59_42 UTILITY=ppl DESC=Prediction end
CST:2016_10_13_15_59_42 UTILITY=ppl DESC=Move *.csv *.txt to ./results/
CST:2016_10_13_15_59_42 UTILITY=ppl DESC=Complete

CST:2016_10_18_15_56_24 UTILITY=ppl DESC=Recipe start
CST:2016_10_18_15_59_03 UTILITY=ppl DESC=Recipe end
CST:2016_10_18_15_59_03 UTILITY=ppl DESC=Unique premises: 2
CST:2016_10_18_15_59_03 UTILITY=ppl DESC=Prediction start
CST:2016_10_18_15_59_03 UTILITY=ppl DESC=Splitting premises
CST:2016_10_18_15_59_05 UTILITY=ppl DESC=Prediction end
CST:2016_10_18_15_59_05 UTILITY=ppl DESC=Move *.csv *.txt to ./results/
CST:2016_10_18_15_59_05 UTILITY=ppl DESC=Complete

CST:2016_10_18_16_28_45 UTILITY=ppl DESC=Recipe start
CST:2016_10_18_16_29_06 UTILITY=ppl DESC=Recipe end
CST:2016_10_18_16_29_06 UTILITY=ppl DESC=Unique premises: 1
CST:2016_10_18_16_29_06 UTILITY=ppl DESC=Prediction start
CST:2016_10_18_16_29_06 UTILITY=ppl DESC=Splitting premises
CST:2016_10_18_16_29_06 UTILITY=ppl DESC=Prediction end
CST:2016_10_18_16_29_06 UTILITY=ppl DESC=Move *.csv *.txt to ./results/
CST:2016_10_18_16_29_06 UTILITY=ppl DESC=Complete

CST:2016_10_18_17_24_28 UTILITY=ppl DESC=Recipe start
CST:2016_10_18_17_24_51 UTILITY=ppl DESC=Recipe end
CST:2016_10_18_17_24_51 UTILITY=ppl DESC=Unique premises: 2
CST:2016_10_18_17_24_51 UTILITY=ppl DESC=Prediction start
CST:2016_10_18_17_24_51 UTILITY=ppl DESC=Splitting premises
CST:2016_10_18_17_24_53 UTILITY=ppl DESC=Prediction end
CST:2016_10_18_17_24_53 UTILITY=ppl DESC=Move *.csv *.txt to ./results/
CST:2016_10_18_17_24_53 UTILITY=ppl DESC=Complete

CST:2016_10_19_18_45_18 UTILITY=ppl DESC=Recipe start
CST:2016_10_19_18_45_58 UTILITY=ppl DESC=Recipe end
CST:2016_10_19_18_45_58 UTILITY=ppl DESC=Unique premises: 2
CST:2016_10_19_18_45_58 UTILITY=ppl DESC=Prediction start
CST:2016_10_19_18_45_58 UTILITY=ppl DESC=Splitting premises
CST:2016_10_19_18_45_59 UTILITY=ppl DESC=Prediction end
CST:2016_10_19_18_45_59 UTILITY=ppl DESC=Move *.csv *.txt to ./results/
CST:2016_10_19_18_45_59 UTILITY=ppl DESC=Complete

CST:2016_10_19_21_59_22 UTILITY=ppl DESC=Recipe start
CST:2016_10_19_22_00_04 UTILITY=ppl DESC=Recipe end
CST:2016_10_19_22_00_04 UTILITY=ppl DESC=Unique premises: 2
CST:2016_10_19_22_00_04 UTILITY=ppl DESC=Prediction start
CST:2016_10_19_22_00_04 UTILITY=ppl DESC=Splitting premises
CST:2016_10_19_22_00_05 UTILITY=ppl DESC=Prediction end
CST:2016_10_19_22_00_05 UTILITY=ppl DESC=Move *.csv *.txt to ./results/
CST:2016_10_19_22_00_05 UTILITY=ppl DESC=Complete

CST:2016_10_20_13_55_11 UTILITY=ppl DESC=Recipe start
CST:2016_10_20_13_55_58 UTILITY=ppl DESC=Recipe end
CST:2016_10_20_13_55_58 UTILITY=ppl DESC=Unique premises: 2
CST:2016_10_20_13_55_58 UTILITY=ppl DESC=Prediction start
CST:2016_10_20_13_55_58 UTILITY=ppl DESC=Splitting premises
CST:2016_10_20_13_56_00 UTILITY=ppl DESC=Prediction end
CST:2016_10_20_13_56_00 UTILITY=ppl DESC=Move *.csv *.txt to ./results/
CST:2016_10_20_13_56_00 UTILITY=ppl DESC=Complete

CST:2016_10_20_14_00_00 UTILITY=ppl DESC=Recipe start
CST:2016_10_20_14_00_30 UTILITY=ppl DESC=Recipe end
CST:2016_10_20_14_00_30 UTILITY=ppl DESC=Unique premises: 3286
CST:2016_10_20_14_00_30 UTILITY=ppl DESC=Recipe start
CST:2016_10_20_14_00_30 UTILITY=ppl DESC=Recipe end
CST:2016_10_20_14_00_30 UTILITY=ppl DESC=Unique premises: 1
CST:2016_10_20_14_00_30 UTILITY=ppl DESC=Recipe start
CST:2016_10_20_14_00_31 UTILITY=ppl DESC=Recipe end
CST:2016_10_20_14_00_31 UTILITY=ppl DESC=Unique premises: 1
CST:2016_10_20_14_00_31 UTILITY=ppl DESC=Move *.csv *.txt to ./results/
CST:2016_10_20_14_00_31 UTILITY=ppl DESC=Complete

CST:2016_10_20_14_05_30 UTILITY=ppl DESC=Recipe start
CST:2016_10_20_14_06_01 UTILITY=ppl DESC=Recipe end
CST:2016_10_20_14_06_01 UTILITY=ppl DESC=Unique premises: 3286
CST:2016_10_20_14_06_01 UTILITY=ppl DESC=Prediction start
CST:2016_10_20_14_06_01 UTILITY=ppl DESC=Splitting premises
CST:2016_10_20_14_06_01 UTILITY=ppl DESC=Prediction end
CST:2016_10_20_14_06_01 UTILITY=ppl DESC=Move *.csv *.txt to ./results/
CST:2016_10_20_14_06_01 UTILITY=ppl DESC=Complete

CST:2016_10_20_14_15_30 UTILITY=ppl DESC=Recipe start
CST:2016_10_20_14_16_01 UTILITY=ppl DESC=Recipe end
CST:2016_10_20_14_16_01 UTILITY=ppl DESC=Unique premises: 3286
CST:2016_10_20_14_16_01 UTILITY=ppl DESC=Prediction start
CST:2016_10_20_14_16_01 UTILITY=ppl DESC=Splitting premises
CST:2016_10_20_15_30_55 UTILITY=ppl DESC=Move *.csv *.txt to ./results/
CST:2016_10_20_15_30_55 UTILITY=ppl DESC=Complete

CST:2016_10_20_15_31_33 UTILITY=ppl DESC=Recipe start
CST:2016_10_20_15_33_13 UTILITY=ppl DESC=Recipe start
CST:2016_10_20_15_35_37 UTILITY=ppl DESC=Recipe end
CST:2016_10_20_15_35_37 UTILITY=ppl DESC=Unique premises: 3286
CST:2016_10_20_15_35_37 UTILITY=ppl DESC=Prediction start
CST:2016_10_20_15_35_37 UTILITY=ppl DESC=Splitting premises
CST:2016_10_20_15_44_19 UTILITY=ppl DESC=Prediction end
CST:2016_10_20_15_44_19 UTILITY=ppl DESC=Move *.csv *.txt to ./results/
CST:2016_10_20_15_44_19 UTILITY=ppl DESC=Complete

CST:2016_10_20_15_46_12 UTILITY=ppl DESC=Recipe start
CST:2016_10_20_15_48_32 UTILITY=ppl DESC=Recipe end
CST:2016_10_20_15_48_32 UTILITY=ppl DESC=Unique premises: 3286
CST:2016_10_20_15_48_32 UTILITY=ppl DESC=Prediction start
CST:2016_10_20_15_48_32 UTILITY=ppl DESC=Splitting premises
CST:2016_10_21_13_34_59 UTILITY=ppl DESC=Prediction end
CST:2016_10_21_13_34_59 UTILITY=ppl DESC=Move *.csv *.txt to ./results/
CST:2016_10_21_13_34_59 UTILITY=ppl DESC=Complete

CST:2016_10_21_16_00_01 UTILITY=ppl DESC=Recipe start
CST:2016_10_21_16_00_01 UTILITY=ppl DESC=Recipe end
CST:2016_10_21_16_00_01 UTILITY=ppl DESC=Unique premises: 0
CST:2016_10_21_16_00_01 UTILITY=ppl DESC=Move *.csv *.txt to ./results/
CST:2016_10_21_16_00_01 UTILITY=ppl DESC=Complete

CST:2016_10_21_17_23_45 UTILITY=ppl DESC=Recipe start
CST:2016_10_21_17_24_34 UTILITY=ppl DESC=Recipe end
CST:2016_10_21_17_24_34 UTILITY=ppl DESC=Unique premises: 3286
CST:2016_10_21_17_24_34 UTILITY=ppl DESC=Move *.csv *.txt to ./results/
CST:2016_10_21_17_24_34 UTILITY=ppl DESC=Complete

CST:2016_10_21_17_55_12 UTILITY=ppl DESC=Recipe start
CST:2016_10_21_17_56_02 UTILITY=ppl DESC=Recipe end
CST:2016_10_21_17_56_02 UTILITY=ppl DESC=Unique premises: 3286
CST:2016_10_21_17_56_02 UTILITY=ppl DESC=Prediction start
CST:2016_10_21_17_56_03 UTILITY=ppl DESC=Splitting premises
CST:2016_10_21_17_56_03 UTILITY=ppl DESC=Prediction end
CST:2016_10_21_17_56_03 UTILITY=ppl DESC=Move *.csv *.txt to ./results/
CST:2016_10_21_17_56_03 UTILITY=ppl DESC=Complete

CST:2016_10_21_18_01_50 UTILITY=ppl DESC=Recipe start
CST:2016_10_21_18_02_38 UTILITY=ppl DESC=Recipe end
CST:2016_10_21_18_02_38 UTILITY=ppl DESC=Unique premises: 3286
CST:2016_10_21_18_02_38 UTILITY=ppl DESC=Prediction start
CST:2016_10_21_18_02_38 UTILITY=ppl DESC=Splitting premises
CST:2016_10_21_18_02_39 UTILITY=ppl DESC=Prediction end
CST:2016_10_21_18_02_39 UTILITY=ppl DESC=Move *.csv *.txt to ./results/
CST:2016_10_21_18_02_39 UTILITY=ppl DESC=Complete

CST:2016_10_24_21_57_23 UTILITY=ppl DESC=Recipe start
CST:2016_10_24_21_58_13 UTILITY=ppl DESC=Recipe end
CST:2016_10_24_21_58_13 UTILITY=ppl DESC=Unique premises: 3286
CST:2016_10_24_21_58_13 UTILITY=ppl DESC=Prediction start
CST:2016_10_24_21_58_13 UTILITY=ppl DESC=Splitting premises
CST:2016_10_24_21_58_13 UTILITY=ppl DESC=Prediction end
CST:2016_10_24_21_58_13 UTILITY=ppl DESC=Move *.csv *.txt to ./results/
CST:2016_10_24_21_58_13 UTILITY=ppl DESC=Complete

CST:2016_10_24_22_30_14 UTILITY=ppl DESC=Recipe start
CST:2016_10_24_22_30_57 UTILITY=ppl DESC=Recipe end
CST:2016_10_24_22_30_57 UTILITY=ppl DESC=Unique premises: 3286
CST:2016_10_24_22_30_57 UTILITY=ppl DESC=Prediction start
CST:2016_10_24_22_30_57 UTILITY=ppl DESC=Splitting premises
CST:2016_10_24_22_30_57 UTILITY=ppl DESC=Prediction end
CST:2016_10_24_22_30_57 UTILITY=ppl DESC=Move *.csv *.txt to ./results/
CST:2016_10_24_22_30_57 UTILITY=ppl DESC=Complete

CST:2016_10_24_22_33_38 UTILITY=ppl DESC=Recipe start
CST:2016_10_24_22_34_09 UTILITY=ppl DESC=Recipe end
CST:2016_10_24_22_34_09 UTILITY=ppl DESC=Unique premises: 3286
CST:2016_10_24_22_34_09 UTILITY=ppl DESC=Prediction start
CST:2016_10_24_22_34_09 UTILITY=ppl DESC=Splitting premises
CST:2016_10_24_22_34_09 UTILITY=ppl DESC=Prediction end
CST:2016_10_24_22_34_09 UTILITY=ppl DESC=Move *.csv *.txt to ./results/
CST:2016_10_24_22_34_09 UTILITY=ppl DESC=Complete

CST:2016_10_25_04_56_04 UTILITY=ppl DESC=Recipe start
CST:2016_10_25_05_13_37 UTILITY=ppl DESC=Move *.csv *.txt to ./results/
CST:2016_10_25_05_13_37 UTILITY=ppl DESC=Complete

CST:2016_10_25_18_46_54 UTILITY=ppl DESC=Recipe start
CST:2016_10_25_18_47_41 UTILITY=ppl DESC=Recipe end
CST:2016_10_25_18_47_41 UTILITY=ppl DESC=Unique premises: 3286
CST:2016_10_25_18_47_41 UTILITY=ppl DESC=Move *.csv *.txt to ./results/
CST:2016_10_25_18_47_41 UTILITY=ppl DESC=Complete

CST:2016_10_25_19_18_58 UTILITY=ppl DESC=Recipe start
CST:2016_10_25_19_19_28 UTILITY=ppl DESC=Recipe end
CST:2016_10_25_19_19_28 UTILITY=ppl DESC=Unique premises: 3286
CST:2016_10_25_19_19_28 UTILITY=ppl DESC=Move *.csv *.txt to ./results/
CST:2016_10_25_19_19_28 UTILITY=ppl DESC=Complete

CST:2016_10_25_19_38_17 UTILITY=ppl DESC=Recipe start
CST:2016_10_25_19_39_03 UTILITY=ppl DESC=Recipe end
CST:2016_10_25_19_39_03 UTILITY=ppl DESC=Unique premises: 3286
CST:2016_10_25_19_39_03 UTILITY=ppl DESC=Prediction start
CST:2016_10_25_19_39_03 UTILITY=ppl DESC=Splitting premises
CST:2016_10_25_19_39_03 UTILITY=ppl DESC=Prediction end
CST:2016_10_25_19_39_03 UTILITY=ppl DESC=Move *.csv *.txt to ./results/
CST:2016_10_25_19_39_03 UTILITY=ppl DESC=Complete

CST:2016_10_26_20_52_06 UTILITY=ppl DESC=Recipe start
CST:2016_10_26_20_52_54 UTILITY=ppl DESC=Recipe end
CST:2016_10_26_20_52_54 UTILITY=ppl DESC=Unique premises: 3286
CST:2016_10_26_20_52_54 UTILITY=ppl DESC=Move *.csv *.txt to ./results/
CST:2016_10_26_20_52_54 UTILITY=ppl DESC=Complete

CST:2016_10_27_14_19_18 UTILITY=ppl DESC=Recipe start
CST:2016_10_27_14_20_06 UTILITY=ppl DESC=Recipe end
CST:2016_10_27_14_20_06 UTILITY=ppl DESC=Unique premises: 3286
CST:2016_10_27_14_20_06 UTILITY=ppl DESC=Move *.csv *.txt to ./results/
CST:2016_10_27_14_20_06 UTILITY=ppl DESC=Complete

